D:\PROJECT\BULLETDETECTION\BULLETDETECTION\BTSTFACE\RELEASE\ADJUST.OBJ
D:\PROJECT\BULLETDETECTION\BULLETDETECTION\BTSTFACE\RELEASE\BTSTFACE.EXE.INTERMEDIATE.MANIFEST
D:\PROJECT\BULLETDETECTION\BULLETDETECTION\BTSTFACE\RELEASE\BTSTFACE.OBJ
D:\PROJECT\BULLETDETECTION\BULLETDETECTION\BTSTFACE\RELEASE\BTSTFACE.PCH
D:\PROJECT\BULLETDETECTION\BULLETDETECTION\BTSTFACE\RELEASE\BTSTFACE.RES
D:\PROJECT\BULLETDETECTION\BULLETDETECTION\BTSTFACE\RELEASE\BTSTFACEDLG.OBJ
D:\project\BulletDetection\BulletDetection\bTstFace\Release\cl.command.1.tlog
D:\project\BulletDetection\BulletDetection\bTstFace\Release\CL.read.1.tlog
D:\project\BulletDetection\BulletDetection\bTstFace\Release\CL.write.1.tlog
D:\PROJECT\BULLETDETECTION\BULLETDETECTION\BTSTFACE\RELEASE\CVVIMAGE.OBJ
D:\PROJECT\BULLETDETECTION\BULLETDETECTION\BTSTFACE\RELEASE\DSICRIBE.OBJ
D:\project\BulletDetection\BulletDetection\bTstFace\Release\link.command.1.tlog
D:\project\BulletDetection\BulletDetection\bTstFace\Release\link.read.1.tlog
D:\project\BulletDetection\BulletDetection\bTstFace\Release\link.write.1.tlog
D:\project\BulletDetection\BulletDetection\bTstFace\Release\link-cvtres.read.1.tlog
D:\project\BulletDetection\BulletDetection\bTstFace\Release\link-cvtres.write.1.tlog
D:\PROJECT\BULLETDETECTION\BULLETDETECTION\BTSTFACE\RELEASE\MSCOMM1.OBJ
D:\project\BulletDetection\BulletDetection\bTstFace\Release\mt.command.1.tlog
D:\project\BulletDetection\BulletDetection\bTstFace\Release\mt.read.1.tlog
D:\project\BulletDetection\BulletDetection\bTstFace\Release\mt.write.1.tlog
D:\project\BulletDetection\BulletDetection\bTstFace\Release\rc.command.1.tlog
D:\project\BulletDetection\BulletDetection\bTstFace\Release\rc.read.1.tlog
D:\project\BulletDetection\BulletDetection\bTstFace\Release\rc.write.1.tlog
D:\PROJECT\BULLETDETECTION\BULLETDETECTION\BTSTFACE\RELEASE\SETTING.OBJ
D:\PROJECT\BULLETDETECTION\BULLETDETECTION\BTSTFACE\RELEASE\STDAFX.OBJ
D:\PROJECT\BULLETDETECTION\BULLETDETECTION\BTSTFACE\RELEASE\VC100.PDB
D:\PROJECT\BULLETDETECTION\BULLETDETECTION\RELEASE\BTSTFACE.EXE
D:\PROJECT\BULLETDETECTION\BULLETDETECTION\RELEASE\BTSTFACE.PDB
