C:\BULLETDETECTION\BTSTFACE\DEBUG\ADJUST.OBJ
C:\BULLETDETECTION\BTSTFACE\DEBUG\BTSTFACE.EXE.EMBED.MANIFEST
C:\BULLETDETECTION\BTSTFACE\DEBUG\BTSTFACE.EXE.EMBED.MANIFEST.RES
C:\BULLETDETECTION\BTSTFACE\DEBUG\BTSTFACE.EXE.INTERMEDIATE.MANIFEST
C:\BULLETDETECTION\BTSTFACE\DEBUG\BTSTFACE.OBJ
C:\BULLETDETECTION\BTSTFACE\DEBUG\BTSTFACE.PCH
C:\BULLETDETECTION\BTSTFACE\DEBUG\BTSTFACE.RES
C:\BulletDetection\bTstFace\Debug\bTstFace_manifest.rc
C:\BULLETDETECTION\BTSTFACE\DEBUG\BTSTFACEDLG.OBJ
C:\BulletDetection\bTstFace\Debug\cl.command.1.tlog
C:\BulletDetection\bTstFace\Debug\CL.read.1.tlog
C:\BulletDetection\bTstFace\Debug\CL.write.1.tlog
C:\BULLETDETECTION\BTSTFACE\DEBUG\CVVIMAGE.OBJ
C:\BULLETDETECTION\BTSTFACE\DEBUG\DSICRIBE.OBJ
C:\BulletDetection\bTstFace\Debug\link.10188.read.1.tlog
C:\BulletDetection\bTstFace\Debug\link.10188.write.1.tlog
C:\BulletDetection\bTstFace\Debug\link.10188-cvtres.read.1.tlog
C:\BulletDetection\bTstFace\Debug\link.10188-cvtres.write.1.tlog
C:\BulletDetection\bTstFace\Debug\link.6448.read.1.tlog
C:\BulletDetection\bTstFace\Debug\link.6448.write.1.tlog
C:\BulletDetection\bTstFace\Debug\link.6448-cvtres.read.1.tlog
C:\BulletDetection\bTstFace\Debug\link.6448-cvtres.write.1.tlog
C:\BulletDetection\bTstFace\Debug\link.command.1.tlog
C:\BulletDetection\bTstFace\Debug\link.read.1.tlog
C:\BulletDetection\bTstFace\Debug\link.write.1.tlog
C:\BulletDetection\bTstFace\Debug\link-cvtres.read.1.tlog
C:\BulletDetection\bTstFace\Debug\link-cvtres.write.1.tlog
C:\BULLETDETECTION\BTSTFACE\DEBUG\MSCOMM1.OBJ
C:\BulletDetection\bTstFace\Debug\mt.command.1.tlog
C:\BulletDetection\bTstFace\Debug\mt.read.1.tlog
C:\BulletDetection\bTstFace\Debug\mt.write.1.tlog
C:\BulletDetection\bTstFace\Debug\rc.command.1.tlog
C:\BulletDetection\bTstFace\Debug\rc.read.1.tlog
C:\BulletDetection\bTstFace\Debug\rc.write.1.tlog
C:\BULLETDETECTION\BTSTFACE\DEBUG\SETTING.OBJ
C:\BULLETDETECTION\BTSTFACE\DEBUG\STDAFX.OBJ
C:\BulletDetection\bTstFace\Debug\vc100.idb
C:\BULLETDETECTION\BTSTFACE\DEBUG\VC100.PDB
C:\BULLETDETECTION\DEBUG\BTSTFACE.EXE
C:\BULLETDETECTION\DEBUG\BTSTFACE.ILK
C:\BULLETDETECTION\DEBUG\BTSTFACE.PDB
